

Processing ReportsController#index (for 86.138.99.125 at 2009-07-04 11:35:13) [GET]

ActiveRecord::StatementInvalid (SQLite3::SQLException: no such table: reports: SELECT * FROM "reports" ):
  app/controllers/reports_controller.rb:5:in `index'
  passenger (2.2.4) lib/phusion_passenger/rack/request_handler.rb:91:in `process_request'
  passenger (2.2.4) lib/phusion_passenger/abstract_request_handler.rb:206:in `main_loop'
  passenger (2.2.4) lib/phusion_passenger/railz/application_spawner.rb:376:in `start_request_handler'
  passenger (2.2.4) lib/phusion_passenger/railz/application_spawner.rb:334:in `handle_spawn_application'
  passenger (2.2.4) lib/phusion_passenger/utils.rb:182:in `safe_fork'
  passenger (2.2.4) lib/phusion_passenger/railz/application_spawner.rb:332:in `handle_spawn_application'
  passenger (2.2.4) lib/phusion_passenger/abstract_server.rb:351:in `__send__'
  passenger (2.2.4) lib/phusion_passenger/abstract_server.rb:351:in `main_loop'
  passenger (2.2.4) lib/phusion_passenger/abstract_server.rb:195:in `start_synchronously'
  passenger (2.2.4) lib/phusion_passenger/abstract_server.rb:162:in `start'
  passenger (2.2.4) lib/phusion_passenger/railz/application_spawner.rb:213:in `start'
  passenger (2.2.4) lib/phusion_passenger/spawn_manager.rb:261:in `spawn_rails_application'
  passenger (2.2.4) lib/phusion_passenger/abstract_server_collection.rb:126:in `lookup_or_add'
  passenger (2.2.4) lib/phusion_passenger/spawn_manager.rb:255:in `spawn_rails_application'
  passenger (2.2.4) lib/phusion_passenger/abstract_server_collection.rb:80:in `synchronize'
  passenger (2.2.4) lib/phusion_passenger/abstract_server_collection.rb:79:in `synchronize'
  passenger (2.2.4) lib/phusion_passenger/spawn_manager.rb:254:in `spawn_rails_application'
  passenger (2.2.4) lib/phusion_passenger/spawn_manager.rb:153:in `spawn_application'
  passenger (2.2.4) lib/phusion_passenger/spawn_manager.rb:286:in `handle_spawn_application'
  passenger (2.2.4) lib/phusion_passenger/abstract_server.rb:351:in `__send__'
  passenger (2.2.4) lib/phusion_passenger/abstract_server.rb:351:in `main_loop'
  passenger (2.2.4) lib/phusion_passenger/abstract_server.rb:195:in `start_synchronously'

Rendering /home/jeremyt/www/weekly_highlights/public/500.html (500 Internal Server Error)


Processing ApplicationController#index (for 86.138.99.125 at 2009-07-04 11:35:22) [GET]

ActionController::RoutingError (No route matches "/rails/info/properties" with {:method=>:get}):
  passenger (2.2.4) lib/phusion_passenger/rack/request_handler.rb:91:in `process_request'
  passenger (2.2.4) lib/phusion_passenger/abstract_request_handler.rb:206:in `main_loop'
  passenger (2.2.4) lib/phusion_passenger/railz/application_spawner.rb:376:in `start_request_handler'
  passenger (2.2.4) lib/phusion_passenger/railz/application_spawner.rb:334:in `handle_spawn_application'
  passenger (2.2.4) lib/phusion_passenger/utils.rb:182:in `safe_fork'
  passenger (2.2.4) lib/phusion_passenger/railz/application_spawner.rb:332:in `handle_spawn_application'
  passenger (2.2.4) lib/phusion_passenger/abstract_server.rb:351:in `__send__'
  passenger (2.2.4) lib/phusion_passenger/abstract_server.rb:351:in `main_loop'
  passenger (2.2.4) lib/phusion_passenger/abstract_server.rb:195:in `start_synchronously'
  passenger (2.2.4) lib/phusion_passenger/abstract_server.rb:162:in `start'
  passenger (2.2.4) lib/phusion_passenger/railz/application_spawner.rb:213:in `start'
  passenger (2.2.4) lib/phusion_passenger/spawn_manager.rb:261:in `spawn_rails_application'
  passenger (2.2.4) lib/phusion_passenger/abstract_server_collection.rb:126:in `lookup_or_add'
  passenger (2.2.4) lib/phusion_passenger/spawn_manager.rb:255:in `spawn_rails_application'
  passenger (2.2.4) lib/phusion_passenger/abstract_server_collection.rb:80:in `synchronize'
  passenger (2.2.4) lib/phusion_passenger/abstract_server_collection.rb:79:in `synchronize'
  passenger (2.2.4) lib/phusion_passenger/spawn_manager.rb:254:in `spawn_rails_application'
  passenger (2.2.4) lib/phusion_passenger/spawn_manager.rb:153:in `spawn_application'
  passenger (2.2.4) lib/phusion_passenger/spawn_manager.rb:286:in `handle_spawn_application'
  passenger (2.2.4) lib/phusion_passenger/abstract_server.rb:351:in `__send__'
  passenger (2.2.4) lib/phusion_passenger/abstract_server.rb:351:in `main_loop'
  passenger (2.2.4) lib/phusion_passenger/abstract_server.rb:195:in `start_synchronously'

Rendering /home/jeremyt/www/weekly_highlights/public/404.html (404 Not Found)


Processing ReportsController#index (for 86.138.99.125 at 2009-07-04 12:01:04) [GET]

ActiveRecord::StatementInvalid (SQLite3::SQLException: no such table: reports: SELECT * FROM "reports" ):
  app/controllers/reports_controller.rb:5:in `index'
  passenger (2.2.4) lib/phusion_passenger/rack/request_handler.rb:91:in `process_request'
  passenger (2.2.4) lib/phusion_passenger/abstract_request_handler.rb:206:in `main_loop'
  passenger (2.2.4) lib/phusion_passenger/railz/application_spawner.rb:376:in `start_request_handler'
  passenger (2.2.4) lib/phusion_passenger/railz/application_spawner.rb:334:in `handle_spawn_application'
  passenger (2.2.4) lib/phusion_passenger/utils.rb:182:in `safe_fork'
  passenger (2.2.4) lib/phusion_passenger/railz/application_spawner.rb:332:in `handle_spawn_application'
  passenger (2.2.4) lib/phusion_passenger/abstract_server.rb:351:in `__send__'
  passenger (2.2.4) lib/phusion_passenger/abstract_server.rb:351:in `main_loop'
  passenger (2.2.4) lib/phusion_passenger/abstract_server.rb:195:in `start_synchronously'
  passenger (2.2.4) lib/phusion_passenger/abstract_server.rb:162:in `start'
  passenger (2.2.4) lib/phusion_passenger/railz/application_spawner.rb:213:in `start'
  passenger (2.2.4) lib/phusion_passenger/spawn_manager.rb:261:in `spawn_rails_application'
  passenger (2.2.4) lib/phusion_passenger/abstract_server_collection.rb:126:in `lookup_or_add'
  passenger (2.2.4) lib/phusion_passenger/spawn_manager.rb:255:in `spawn_rails_application'
  passenger (2.2.4) lib/phusion_passenger/abstract_server_collection.rb:80:in `synchronize'
  passenger (2.2.4) lib/phusion_passenger/abstract_server_collection.rb:79:in `synchronize'
  passenger (2.2.4) lib/phusion_passenger/spawn_manager.rb:254:in `spawn_rails_application'
  passenger (2.2.4) lib/phusion_passenger/spawn_manager.rb:153:in `spawn_application'
  passenger (2.2.4) lib/phusion_passenger/spawn_manager.rb:286:in `handle_spawn_application'
  passenger (2.2.4) lib/phusion_passenger/abstract_server.rb:351:in `__send__'
  passenger (2.2.4) lib/phusion_passenger/abstract_server.rb:351:in `main_loop'
  passenger (2.2.4) lib/phusion_passenger/abstract_server.rb:195:in `start_synchronously'

Rendering /home/jeremyt/www/weekly_highlights/public/500.html (500 Internal Server Error)


Processing ApplicationController#index (for 86.138.99.125 at 2009-07-04 17:12:37) [GET]

ActionController::RoutingError (No route matches "/rails/info/properties" with {:method=>:get}):
  passenger (2.2.4) lib/phusion_passenger/rack/request_handler.rb:91:in `process_request'
  passenger (2.2.4) lib/phusion_passenger/abstract_request_handler.rb:206:in `main_loop'
  passenger (2.2.4) lib/phusion_passenger/railz/application_spawner.rb:376:in `start_request_handler'
  passenger (2.2.4) lib/phusion_passenger/railz/application_spawner.rb:334:in `handle_spawn_application'
  passenger (2.2.4) lib/phusion_passenger/utils.rb:182:in `safe_fork'
  passenger (2.2.4) lib/phusion_passenger/railz/application_spawner.rb:332:in `handle_spawn_application'
  passenger (2.2.4) lib/phusion_passenger/abstract_server.rb:351:in `__send__'
  passenger (2.2.4) lib/phusion_passenger/abstract_server.rb:351:in `main_loop'
  passenger (2.2.4) lib/phusion_passenger/abstract_server.rb:195:in `start_synchronously'
  passenger (2.2.4) lib/phusion_passenger/abstract_server.rb:162:in `start'
  passenger (2.2.4) lib/phusion_passenger/railz/application_spawner.rb:213:in `start'
  passenger (2.2.4) lib/phusion_passenger/spawn_manager.rb:261:in `spawn_rails_application'
  passenger (2.2.4) lib/phusion_passenger/abstract_server_collection.rb:126:in `lookup_or_add'
  passenger (2.2.4) lib/phusion_passenger/spawn_manager.rb:255:in `spawn_rails_application'
  passenger (2.2.4) lib/phusion_passenger/abstract_server_collection.rb:80:in `synchronize'
  passenger (2.2.4) lib/phusion_passenger/abstract_server_collection.rb:79:in `synchronize'
  passenger (2.2.4) lib/phusion_passenger/spawn_manager.rb:254:in `spawn_rails_application'
  passenger (2.2.4) lib/phusion_passenger/spawn_manager.rb:153:in `spawn_application'
  passenger (2.2.4) lib/phusion_passenger/spawn_manager.rb:286:in `handle_spawn_application'
  passenger (2.2.4) lib/phusion_passenger/abstract_server.rb:351:in `__send__'
  passenger (2.2.4) lib/phusion_passenger/abstract_server.rb:351:in `main_loop'
  passenger (2.2.4) lib/phusion_passenger/abstract_server.rb:195:in `start_synchronously'

Rendering /home/jeremyt/www/weekly_highlights/public/404.html (404 Not Found)


Processing ReportsController#index (for 86.138.99.125 at 2009-07-04 17:12:51) [GET]

ActiveRecord::StatementInvalid (SQLite3::SQLException: no such table: reports: SELECT * FROM "reports" ):
  app/controllers/reports_controller.rb:5:in `index'
  passenger (2.2.4) lib/phusion_passenger/rack/request_handler.rb:91:in `process_request'
  passenger (2.2.4) lib/phusion_passenger/abstract_request_handler.rb:206:in `main_loop'
  passenger (2.2.4) lib/phusion_passenger/railz/application_spawner.rb:376:in `start_request_handler'
  passenger (2.2.4) lib/phusion_passenger/railz/application_spawner.rb:334:in `handle_spawn_application'
  passenger (2.2.4) lib/phusion_passenger/utils.rb:182:in `safe_fork'
  passenger (2.2.4) lib/phusion_passenger/railz/application_spawner.rb:332:in `handle_spawn_application'
  passenger (2.2.4) lib/phusion_passenger/abstract_server.rb:351:in `__send__'
  passenger (2.2.4) lib/phusion_passenger/abstract_server.rb:351:in `main_loop'
  passenger (2.2.4) lib/phusion_passenger/abstract_server.rb:195:in `start_synchronously'
  passenger (2.2.4) lib/phusion_passenger/abstract_server.rb:162:in `start'
  passenger (2.2.4) lib/phusion_passenger/railz/application_spawner.rb:213:in `start'
  passenger (2.2.4) lib/phusion_passenger/spawn_manager.rb:261:in `spawn_rails_application'
  passenger (2.2.4) lib/phusion_passenger/abstract_server_collection.rb:126:in `lookup_or_add'
  passenger (2.2.4) lib/phusion_passenger/spawn_manager.rb:255:in `spawn_rails_application'
  passenger (2.2.4) lib/phusion_passenger/abstract_server_collection.rb:80:in `synchronize'
  passenger (2.2.4) lib/phusion_passenger/abstract_server_collection.rb:79:in `synchronize'
  passenger (2.2.4) lib/phusion_passenger/spawn_manager.rb:254:in `spawn_rails_application'
  passenger (2.2.4) lib/phusion_passenger/spawn_manager.rb:153:in `spawn_application'
  passenger (2.2.4) lib/phusion_passenger/spawn_manager.rb:286:in `handle_spawn_application'
  passenger (2.2.4) lib/phusion_passenger/abstract_server.rb:351:in `__send__'
  passenger (2.2.4) lib/phusion_passenger/abstract_server.rb:351:in `main_loop'
  passenger (2.2.4) lib/phusion_passenger/abstract_server.rb:195:in `start_synchronously'

Rendering /home/jeremyt/www/weekly_highlights/public/500.html (500 Internal Server Error)


Processing ApplicationController#index (for 86.138.99.125 at 2009-07-04 17:35:01) [GET]

ActionController::RoutingError (No route matches "/rails/info/properties" with {:method=>:get}):
  passenger (2.2.4) lib/phusion_passenger/rack/request_handler.rb:91:in `process_request'
  passenger (2.2.4) lib/phusion_passenger/abstract_request_handler.rb:206:in `main_loop'
  passenger (2.2.4) lib/phusion_passenger/railz/application_spawner.rb:376:in `start_request_handler'
  passenger (2.2.4) lib/phusion_passenger/railz/application_spawner.rb:334:in `handle_spawn_application'
  passenger (2.2.4) lib/phusion_passenger/utils.rb:182:in `safe_fork'
  passenger (2.2.4) lib/phusion_passenger/railz/application_spawner.rb:332:in `handle_spawn_application'
  passenger (2.2.4) lib/phusion_passenger/abstract_server.rb:351:in `__send__'
  passenger (2.2.4) lib/phusion_passenger/abstract_server.rb:351:in `main_loop'
  passenger (2.2.4) lib/phusion_passenger/abstract_server.rb:195:in `start_synchronously'
  passenger (2.2.4) lib/phusion_passenger/abstract_server.rb:162:in `start'
  passenger (2.2.4) lib/phusion_passenger/railz/application_spawner.rb:213:in `start'
  passenger (2.2.4) lib/phusion_passenger/spawn_manager.rb:261:in `spawn_rails_application'
  passenger (2.2.4) lib/phusion_passenger/abstract_server_collection.rb:126:in `lookup_or_add'
  passenger (2.2.4) lib/phusion_passenger/spawn_manager.rb:255:in `spawn_rails_application'
  passenger (2.2.4) lib/phusion_passenger/abstract_server_collection.rb:80:in `synchronize'
  passenger (2.2.4) lib/phusion_passenger/abstract_server_collection.rb:79:in `synchronize'
  passenger (2.2.4) lib/phusion_passenger/spawn_manager.rb:254:in `spawn_rails_application'
  passenger (2.2.4) lib/phusion_passenger/spawn_manager.rb:153:in `spawn_application'
  passenger (2.2.4) lib/phusion_passenger/spawn_manager.rb:286:in `handle_spawn_application'
  passenger (2.2.4) lib/phusion_passenger/abstract_server.rb:351:in `__send__'
  passenger (2.2.4) lib/phusion_passenger/abstract_server.rb:351:in `main_loop'
  passenger (2.2.4) lib/phusion_passenger/abstract_server.rb:195:in `start_synchronously'

Rendering /home/jeremyt/www/weekly_highlights/public/404.html (404 Not Found)


Processing ReportsController#index (for 86.138.99.125 at 2009-07-04 17:35:04) [GET]

ActiveRecord::StatementInvalid (SQLite3::SQLException: no such table: reports: SELECT * FROM "reports" ):
  app/controllers/reports_controller.rb:5:in `index'
  passenger (2.2.4) lib/phusion_passenger/rack/request_handler.rb:91:in `process_request'
  passenger (2.2.4) lib/phusion_passenger/abstract_request_handler.rb:206:in `main_loop'
  passenger (2.2.4) lib/phusion_passenger/railz/application_spawner.rb:376:in `start_request_handler'
  passenger (2.2.4) lib/phusion_passenger/railz/application_spawner.rb:334:in `handle_spawn_application'
  passenger (2.2.4) lib/phusion_passenger/utils.rb:182:in `safe_fork'
  passenger (2.2.4) lib/phusion_passenger/railz/application_spawner.rb:332:in `handle_spawn_application'
  passenger (2.2.4) lib/phusion_passenger/abstract_server.rb:351:in `__send__'
  passenger (2.2.4) lib/phusion_passenger/abstract_server.rb:351:in `main_loop'
  passenger (2.2.4) lib/phusion_passenger/abstract_server.rb:195:in `start_synchronously'
  passenger (2.2.4) lib/phusion_passenger/abstract_server.rb:162:in `start'
  passenger (2.2.4) lib/phusion_passenger/railz/application_spawner.rb:213:in `start'
  passenger (2.2.4) lib/phusion_passenger/spawn_manager.rb:261:in `spawn_rails_application'
  passenger (2.2.4) lib/phusion_passenger/abstract_server_collection.rb:126:in `lookup_or_add'
  passenger (2.2.4) lib/phusion_passenger/spawn_manager.rb:255:in `spawn_rails_application'
  passenger (2.2.4) lib/phusion_passenger/abstract_server_collection.rb:80:in `synchronize'
  passenger (2.2.4) lib/phusion_passenger/abstract_server_collection.rb:79:in `synchronize'
  passenger (2.2.4) lib/phusion_passenger/spawn_manager.rb:254:in `spawn_rails_application'
  passenger (2.2.4) lib/phusion_passenger/spawn_manager.rb:153:in `spawn_application'
  passenger (2.2.4) lib/phusion_passenger/spawn_manager.rb:286:in `handle_spawn_application'
  passenger (2.2.4) lib/phusion_passenger/abstract_server.rb:351:in `__send__'
  passenger (2.2.4) lib/phusion_passenger/abstract_server.rb:351:in `main_loop'
  passenger (2.2.4) lib/phusion_passenger/abstract_server.rb:195:in `start_synchronously'

Rendering /home/jeremyt/www/weekly_highlights/public/500.html (500 Internal Server Error)


Processing ReportsController#index (for 86.138.99.125 at 2009-07-04 17:35:07) [GET]

ActiveRecord::StatementInvalid (SQLite3::SQLException: no such table: reports: SELECT * FROM "reports" ):
  app/controllers/reports_controller.rb:5:in `index'
  passenger (2.2.4) lib/phusion_passenger/rack/request_handler.rb:91:in `process_request'
  passenger (2.2.4) lib/phusion_passenger/abstract_request_handler.rb:206:in `main_loop'
  passenger (2.2.4) lib/phusion_passenger/railz/application_spawner.rb:376:in `start_request_handler'
  passenger (2.2.4) lib/phusion_passenger/railz/application_spawner.rb:334:in `handle_spawn_application'
  passenger (2.2.4) lib/phusion_passenger/utils.rb:182:in `safe_fork'
  passenger (2.2.4) lib/phusion_passenger/railz/application_spawner.rb:332:in `handle_spawn_application'
  passenger (2.2.4) lib/phusion_passenger/abstract_server.rb:351:in `__send__'
  passenger (2.2.4) lib/phusion_passenger/abstract_server.rb:351:in `main_loop'
  passenger (2.2.4) lib/phusion_passenger/abstract_server.rb:195:in `start_synchronously'
  passenger (2.2.4) lib/phusion_passenger/abstract_server.rb:162:in `start'
  passenger (2.2.4) lib/phusion_passenger/railz/application_spawner.rb:213:in `start'
  passenger (2.2.4) lib/phusion_passenger/spawn_manager.rb:261:in `spawn_rails_application'
  passenger (2.2.4) lib/phusion_passenger/abstract_server_collection.rb:126:in `lookup_or_add'
  passenger (2.2.4) lib/phusion_passenger/spawn_manager.rb:255:in `spawn_rails_application'
  passenger (2.2.4) lib/phusion_passenger/abstract_server_collection.rb:80:in `synchronize'
  passenger (2.2.4) lib/phusion_passenger/abstract_server_collection.rb:79:in `synchronize'
  passenger (2.2.4) lib/phusion_passenger/spawn_manager.rb:254:in `spawn_rails_application'
  passenger (2.2.4) lib/phusion_passenger/spawn_manager.rb:153:in `spawn_application'
  passenger (2.2.4) lib/phusion_passenger/spawn_manager.rb:286:in `handle_spawn_application'
  passenger (2.2.4) lib/phusion_passenger/abstract_server.rb:351:in `__send__'
  passenger (2.2.4) lib/phusion_passenger/abstract_server.rb:351:in `main_loop'
  passenger (2.2.4) lib/phusion_passenger/abstract_server.rb:195:in `start_synchronously'

Rendering /home/jeremyt/www/weekly_highlights/public/500.html (500 Internal Server Error)
